#
# A fatal error has been detected by the Java Runtime Environment:
#
#  EXCEPTION_ACCESS_VIOLATION (0xc0000005) at pc=0x0000000052cb7506, pid=10552, tid=0x0000000000001970
#
# JRE version: Java(TM) SE Runtime Environment (8.0_191-b12) (build 1.8.0_191-b12)
# Java VM: Java HotSpot(TM) 64-Bit Server VM (25.191-b12 mixed mode windows-amd64 compressed oops)
# Problematic frame:
# V  [jvm.dll+0x237506]
#
# Failed to write core dump. Minidumps are not enabled by default on client versions of Windows
#
# If you would like to submit a bug report, please visit:
#   http://bugreport.java.com/bugreport/crash.jsp
#

---------------  T H R E A D  ---------------

Current thread (0x0000000000bbe000):  JavaThread "Forwarding newSession on session null to remote" [_thread_in_vm, id=6512, stack(0x00000000023b0000,0x00000000024b0000)]

siginfo: ExceptionCode=0xc0000005, reading address 0x000008000254b178

Registers:
RAX=0x000008000254b170, RBX=0x00000000024aec00, RCX=0x00000000024aec00, RDX=0x000008000254b128
RSP=0x00000000024ae940, RBP=0x0000000000000002, RSI=0x0000000000400000, RDI=0x000000001a2e1950
R8 =0x0000000000000000, R9 =0x000000010019d188, R10=0x000000001a2dda90, R11=0x00000000024aecc0
R12=0x000000001a2e2df8, R13=0x00000000000000b8, R14=0x00000000024aecb0, R15=0x0000000000bbe000
RIP=0x0000000052cb7506, EFLAGS=0x0000000000010202

Top of Stack: (sp=0x00000000024ae940)
0x00000000024ae940:   00000000024aea50 0000000052b431c9
0x00000000024ae950:   00005a207ba85a2a 000000010001c128
0x00000000024ae960:   00000000024aea10 0000000052da117b
0x00000000024ae970:   00000000024ae9d0 00000000024aea10
0x00000000024ae980:   00000000024aec48 00000000024aeb50
0x00000000024ae990:   000000001a2e1950 0000000000bbe000
0x00000000024ae9a0:   00000000ffffffff 0000000052c83ec5
0x00000000024ae9b0:   00000000024aeaf0 00000000024aea10
0x00000000024ae9c0:   00000000168fcc18 0000000052cb7553
0x00000000024ae9d0:   000000001a2e1950 0000000000bbe000
0x00000000024ae9e0:   00000000ffffffff 0000000052c8465b
0x00000000024ae9f0:   00000000024aea70 00000000ffffffff
0x00000000024aea00:   0000000000000000 0000000052c78407
0x00000000024aea10:   000000001a2e1950 0000000000bbe000
0x00000000024aea20:   00000000024aeae0 0000000052b3e75c
0x00000000024aea30:   00000000024aed00 00000000024aeae0 

Instructions: (pc=0x0000000052cb7506)
0x0000000052cb74e6:   01 00 00 48 8b 05 c0 b4 5b 00 48 33 c4 48 89 84
0x0000000052cb74f6:   24 30 01 00 00 4c 63 41 10 48 8b 41 08 48 8b d9
0x0000000052cb7506:   42 38 54 00 08 74 33 44 0f be c2 48 8d 4c 24 20
0x0000000052cb7516:   48 8d 15 13 ef 3e 00 e8 ae e6 de ff 48 8d 0d 97 


Register to memory mapping:

RAX=0x000008000254b170 is an unknown value
RBX=0x00000000024aec00 is pointing into the stack for thread: 0x0000000000bbe000
RCX=0x00000000024aec00 is pointing into the stack for thread: 0x0000000000bbe000
RDX=0x000008000254b128 is an unknown value
RSP=0x00000000024ae940 is pointing into the stack for thread: 0x0000000000bbe000
RBP=0x0000000000000002 is an unknown value
RSI=0x0000000000400000 is an unknown value
RDI={method} {0x000000001a2e1958} 'normalizeParameterValue' '
[error occurred during error reporting (printing register info), id 0xc0000005]

Stack: [0x00000000023b0000,0x00000000024b0000],  sp=0x00000000024ae940,  free space=1018k
Native frames: (J=compiled Java code, j=interpreted, Vv=VM code, C=native code)
V  [jvm.dll+0x237506]
V  [jvm.dll+0x237b84]
V  [jvm.dll+0x12b64c]
V  [jvm.dll+0xfcbf6]
V  [jvm.dll+0xfd744]
V  [jvm.dll+0xbd8ea]
C  0x000000000262566c

Java frames: (J=compiled Java code, j=interpreted, Vv=VM code)
j  com.google.common.net.MediaType.create(Ljava/lang/String;Ljava/lang/String;Lcom/google/common/collect/Multimap;)Lcom/google/common/net/MediaType;+126
j  com.google.common.net.MediaType.parse(Ljava/lang/String;)Lcom/google/common/net/MediaType;+216
j  org.openqa.selenium.remote.http.HttpMessage.getContentEncoding()Ljava/nio/charset/Charset;+16
j  org.openqa.selenium.remote.http.HttpResponse.getContentEncoding()Ljava/nio/charset/Charset;+1
j  org.openqa.selenium.remote.http.HttpMessage.getContentString()Ljava/lang/String;+9
j  org.openqa.selenium.remote.http.HttpResponse.getContentString()Ljava/lang/String;+1
j  org.openqa.selenium.remote.ProtocolHandshake.createSession(Lorg/openqa/selenium/remote/http/HttpClient;Ljava/io/InputStream;J)Ljava/util/Optional;+76
j  org.openqa.selenium.remote.ProtocolHandshake.createSession(Lorg/openqa/selenium/remote/http/HttpClient;Lorg/openqa/selenium/remote/Command;)Lorg/openqa/selenium/remote/ProtocolHandshake$Result;+144
j  org.openqa.selenium.remote.HttpCommandExecutor.execute(Lorg/openqa/selenium/remote/Command;)Lorg/openqa/selenium/remote/Response;+122
j  org.openqa.selenium.remote.service.DriverCommandExecutor.execute(Lorg/openqa/selenium/remote/Command;)Lorg/openqa/selenium/remote/Response;+21
j  org.openqa.selenium.remote.RemoteWebDriver.execute(Ljava/lang/String;Ljava/util/Map;)Lorg/openqa/selenium/remote/Response;+74
j  org.openqa.selenium.remote.RemoteWebDriver.startSession(Lorg/openqa/selenium/Capabilities;)V+11
j  org.openqa.selenium.remote.RemoteWebDriver.<init>(Lorg/openqa/selenium/remote/CommandExecutor;Lorg/openqa/selenium/Capabilities;)V+65
j  org.openqa.selenium.firefox.FirefoxDriver.<init>(Lorg/openqa/selenium/firefox/FirefoxOptions;)V+9
j  org.openqa.selenium.firefox.FirefoxDriver.<init>()V+8
j  pack1.Keyadviui.main([Ljava/lang/String;)V+12
v  ~StubRoutines::call_stub

---------------  P R O C E S S  ---------------

Java Threads: ( => current thread )
  0x00000000195fc000 JavaThread "Okio Watchdog" daemon [_thread_blocked, id=8744, stack(0x000000001a640000,0x000000001a740000)]
  0x00000000195f4800 JavaThread "OkHttp ConnectionPool" daemon [_thread_blocked, id=9508, stack(0x000000001a540000,0x000000001a640000)]
  0x000000001944a800 JavaThread "Exec Stream Pumper" daemon [_thread_in_native, id=12528, stack(0x000000001a140000,0x000000001a240000)]
  0x0000000019439000 JavaThread "Exec Stream Pumper" daemon [_thread_in_native, id=6220, stack(0x000000001a040000,0x000000001a140000)]
  0x00000000192f9000 JavaThread "Exec Default Executor" daemon [_thread_in_native, id=1964, stack(0x0000000019e40000,0x0000000019f40000)]
  0x000000001720e800 JavaThread "Service Thread" daemon [_thread_blocked, id=9756, stack(0x0000000018f00000,0x0000000019000000)]
  0x00000000171b9000 JavaThread "C1 CompilerThread2" daemon [_thread_blocked, id=9060, stack(0x0000000018a00000,0x0000000018b00000)]
  0x00000000171b5800 JavaThread "C2 CompilerThread1" daemon [_thread_blocked, id=4380, stack(0x0000000018900000,0x0000000018a00000)]
  0x00000000171ad800 JavaThread "C2 CompilerThread0" daemon [_thread_blocked, id=5644, stack(0x0000000018800000,0x0000000018900000)]
  0x00000000171ab000 JavaThread "Attach Listener" daemon [_thread_blocked, id=11248, stack(0x0000000018700000,0x0000000018800000)]
  0x00000000171aa000 JavaThread "Signal Dispatcher" daemon [_thread_blocked, id=11664, stack(0x0000000018600000,0x0000000018700000)]
  0x00000000025fa800 JavaThread "Finalizer" daemon [_thread_blocked, id=8776, stack(0x0000000018400000,0x0000000018500000)]
  0x00000000025f2000 JavaThread "Reference Handler" daemon [_thread_blocked, id=7164, stack(0x0000000018300000,0x0000000018400000)]
=>0x0000000000bbe000 JavaThread "Forwarding newSession on session null to remote" [_thread_in_vm, id=6512, stack(0x00000000023b0000,0x00000000024b0000)]

Other Threads:
  0x0000000017177800 VMThread [stack: 0x0000000018200000,0x0000000018300000] [id=2952]
  0x0000000018b42000 WatcherThread [stack: 0x0000000019000000,0x0000000019100000] [id=5928]

VM state:synchronizing (normal execution)

VM Mutex/Monitor currently owned by a thread:  ([mutex/lock_event])
[0x0000000000bbce80] Threads_lock - owner thread: 0x0000000017177800

Heap:
 PSYoungGen      total 38400K, used 8179K [0x00000000d5980000, 0x00000000d8400000, 0x0000000100000000)
  eden space 33280K, 9% used [0x00000000d5980000,0x00000000d5c83618,0x00000000d7a00000)
  from space 5120K, 99% used [0x00000000d7a00000,0x00000000d7ef9840,0x00000000d7f00000)
  to   space 5120K, 0% used [0x00000000d7f00000,0x00000000d7f00000,0x00000000d8400000)
 ParOldGen       total 87552K, used 1360K [0x0000000080c00000, 0x0000000086180000, 0x00000000d5980000)
  object space 87552K, 1% used [0x0000000080c00000,0x0000000080d541c8,0x0000000086180000)
 Metaspace       used 12995K, capacity 13692K, committed 13824K, reserved 1060864K
  class space    used 1614K, capacity 1786K, committed 1792K, reserved 1048576K

Card table byte_map: [0x00000000119c0000,0x0000000011dc0000] byte_map_base: 0x00000000115ba000

Marking Bits: (ParMarkBitMap*) 0x00000000532a3e30
 Begin Bits: [0x0000000012470000, 0x0000000014440000)
 End Bits:   [0x0000000014440000, 0x0000000016410000)

Polling page: 0x0000000000b80000

CodeCache: size=245760Kb used=4633Kb max_used=4635Kb free=241126Kb
 bounds [0x0000000002600000, 0x0000000002a90000, 0x0000000011600000]
 total_blobs=1680 nmethods=1314 adapters=279
 compilation: enabled

Compilation events (10 events):
Event: 2.937 Thread 0x00000000171b9000 1310       3       org.openqa.selenium.io.MultiOutputStream::write (24 bytes)
Event: 2.937 Thread 0x00000000171b9000 nmethod 1310 0x0000000002a83b10 code [0x0000000002a83c80, 0x0000000002a83fb8]
Event: 2.937 Thread 0x00000000171b9000 1311  s    3       org.openqa.selenium.io.CircularOutputStream::write (87 bytes)
Event: 2.938 Thread 0x00000000171b9000 nmethod 1311 0x0000000002a83490 code [0x0000000002a83600, 0x0000000002a83a10]
Event: 7.291 Thread 0x00000000171b9000 1312   !   3       java.io.PrintStream::write (66 bytes)
Event: 7.293 Thread 0x00000000171b9000 nmethod 1312 0x0000000002a82750 code [0x0000000002a82920, 0x0000000002a830d8]
Event: 7.293 Thread 0x00000000171b9000 1313  s    3       java.io.BufferedOutputStream::write (35 bytes)
Event: 7.293 Thread 0x00000000171b9000 nmethod 1313 0x0000000002a81f10 code [0x0000000002a820a0, 0x0000000002a82568]
Event: 10.018 Thread 0x00000000171b9000 1314       1       java.util.stream.AbstractPipeline::getStreamAndOpFlags (5 bytes)
Event: 10.018 Thread 0x00000000171b9000 nmethod 1314 0x0000000002a81c50 code [0x0000000002a81da0, 0x0000000002a81eb0]

GC Heap History (2 events):
Event: 2.839 GC heap before
{Heap before GC invocations=1 (full 0):
 PSYoungGen      total 38400K, used 33280K [0x00000000d5980000, 0x00000000d8400000, 0x0000000100000000)
  eden space 33280K, 100% used [0x00000000d5980000,0x00000000d7a00000,0x00000000d7a00000)
  from space 5120K, 0% used [0x00000000d7f00000,0x00000000d7f00000,0x00000000d8400000)
  to   space 5120K, 0% used [0x00000000d7a00000,0x00000000d7a00000,0x00000000d7f00000)
 ParOldGen       total 87552K, used 0K [0x0000000080c00000, 0x0000000086180000, 0x00000000d5980000)
  object space 87552K, 0% used [0x0000000080c00000,0x0000000080c00000,0x0000000086180000)
 Metaspace       used 12482K, capacity 13168K, committed 13312K, reserved 1060864K
  class space    used 1552K, capacity 1744K, committed 1792K, reserved 1048576K
Event: 2.855 GC heap after
Heap after GC invocations=1 (full 0):
 PSYoungGen      total 38400K, used 5094K [0x00000000d5980000, 0x00000000d8400000, 0x0000000100000000)
  eden space 33280K, 0% used [0x00000000d5980000,0x00000000d5980000,0x00000000d7a00000)
  from space 5120K, 99% used [0x00000000d7a00000,0x00000000d7ef9840,0x00000000d7f00000)
  to   space 5120K, 0% used [0x00000000d7f00000,0x00000000d7f00000,0x00000000d8400000)
 ParOldGen       total 87552K, used 1360K [0x0000000080c00000, 0x0000000086180000, 0x00000000d5980000)
  object space 87552K, 1% used [0x0000000080c00000,0x0000000080d541c8,0x0000000086180000)
 Metaspace       used 12482K, capacity 13168K, committed 13312K, reserved 1060864K
  class space    used 1552K, capacity 1744K, committed 1792K, reserved 1048576K
}

Deoptimization events (10 events):
Event: 2.291 Thread 0x0000000000bbe000 Uncommon trap: reason=unstable_if action=reinterpret pc=0x000000000292fba0 method=java.util.Arrays.equals([B[B)Z @ 2
Event: 2.719 Thread 0x0000000000bbe000 Uncommon trap: reason=class_check action=maybe_recompile pc=0x000000000295fb84 method=java.util.regex.Matcher.search(I)Z @ 86
Event: 2.719 Thread 0x0000000000bbe000 Uncommon trap: reason=class_check action=maybe_recompile pc=0x000000000290ede4 method=java.util.regex.Pattern$Curly.match(Ljava/util/regex/Matcher;ILjava/lang/CharSequence;)Z @ 19
Event: 2.719 Thread 0x0000000000bbe000 Uncommon trap: reason=class_check action=maybe_recompile pc=0x000000000295fb84 method=java.util.regex.Matcher.search(I)Z @ 86
Event: 2.719 Thread 0x0000000000bbe000 Uncommon trap: reason=class_check action=maybe_recompile pc=0x000000000295fb84 method=java.util.regex.Matcher.search(I)Z @ 86
Event: 2.719 Thread 0x0000000000bbe000 Uncommon trap: reason=class_check action=maybe_recompile pc=0x000000000295fb84 method=java.util.regex.Matcher.search(I)Z @ 86
Event: 2.719 Thread 0x0000000000bbe000 Uncommon trap: reason=class_check action=maybe_recompile pc=0x000000000290ede4 method=java.util.regex.Pattern$Curly.match(Ljava/util/regex/Matcher;ILjava/lang/CharSequence;)Z @ 19
Event: 2.744 Thread 0x0000000000bbe000 Uncommon trap: reason=class_check action=maybe_recompile pc=0x000000000290ede4 method=java.util.regex.Pattern$Curly.match(Ljava/util/regex/Matcher;ILjava/lang/CharSequence;)Z @ 19
Event: 2.744 Thread 0x0000000000bbe000 Uncommon trap: reason=class_check action=maybe_recompile pc=0x000000000290ede4 method=java.util.regex.Pattern$Curly.match(Ljava/util/regex/Matcher;ILjava/lang/CharSequence;)Z @ 19
Event: 2.900 Thread 0x0000000000bbe000 Uncommon trap: reason=unstable_if action=reinterpret pc=0x000000000284edd4 method=java.lang.CharacterDataLatin1.digit(II)I @ 82

Classes redefined (0 events):
No events

Internal exceptions (10 events):
Event: 2.321 Thread 0x0000000000bbe000 Exception <a 'java/lang/IncompatibleClassChangeError': Found class java.lang.Object, but interface was expected> (0x00000000d70f5400) thrown at [C:\re\workspace\8-2-build-windows-amd64-cygwin\jdk8u191\11896\hotspot\src\share\vm\interpreter\linkResolver.cp
Event: 2.326 Thread 0x0000000000bbe000 Exception <a 'java/lang/NoSuchMethodError': java.lang.Object.lambda$or$2(Ljava/util/function/Predicate;Ljava/lang/Object;)Z> (0x00000000d7102dd0) thrown at [C:\re\workspace\8-2-build-windows-amd64-cygwin\jdk8u191\11896\hotspot\src\share\vm\interpreter\lin
Event: 2.395 Thread 0x0000000000bbe000 Exception <a 'java/lang/ArrayIndexOutOfBoundsException': 18> (0x00000000d7150d88) thrown at [C:\re\workspace\8-2-build-windows-amd64-cygwin\jdk8u191\11896\hotspot\src\share\vm\interpreter\interpreterRuntime.cpp, line 366]
Event: 2.396 Thread 0x0000000000bbe000 Exception <a 'java/lang/ArrayIndexOutOfBoundsException'> (0x00000000d7152420) thrown at [C:\re\workspace\8-2-build-windows-amd64-cygwin\jdk8u191\11896\hotspot\src\share\vm\runtime\sharedRuntime.cpp, line 605]
Event: 2.398 Thread 0x0000000000bbe000 Exception <a 'java/lang/ArrayIndexOutOfBoundsException'> (0x00000000d71538e0) thrown at [C:\re\workspace\8-2-build-windows-amd64-cygwin\jdk8u191\11896\hotspot\src\share\vm\runtime\sharedRuntime.cpp, line 605]
Event: 2.399 Thread 0x0000000000bbe000 Exception <a 'java/lang/ArrayIndexOutOfBoundsException'> (0x00000000d7154ca0) thrown at [C:\re\workspace\8-2-build-windows-amd64-cygwin\jdk8u191\11896\hotspot\src\share\vm\runtime\sharedRuntime.cpp, line 605]
Event: 2.400 Thread 0x0000000000bbe000 Exception <a 'java/lang/ArrayIndexOutOfBoundsException'> (0x00000000d7155f18) thrown at [C:\re\workspace\8-2-build-windows-amd64-cygwin\jdk8u191\11896\hotspot\src\share\vm\runtime\sharedRuntime.cpp, line 605]
Event: 2.401 Thread 0x0000000000bbe000 Exception <a 'java/lang/ArrayIndexOutOfBoundsException'> (0x00000000d715a468) thrown at [C:\re\workspace\8-2-build-windows-amd64-cygwin\jdk8u191\11896\hotspot\src\share\vm\runtime\sharedRuntime.cpp, line 605]
Event: 2.402 Thread 0x0000000000bbe000 Exception <a 'java/lang/ArrayIndexOutOfBoundsException'> (0x00000000d715de90) thrown at [C:\re\workspace\8-2-build-windows-amd64-cygwin\jdk8u191\11896\hotspot\src\share\vm\runtime\sharedRuntime.cpp, line 605]
Event: 2.583 Thread 0x0000000000bbe000 Exception <a 'java/lang/NoSuchMethodError': java.lang.Object.lambda$chars$0()Ljava/util/Spliterator$OfInt;> (0x00000000d72faf88) thrown at [C:\re\workspace\8-2-build-windows-amd64-cygwin\jdk8u191\11896\hotspot\src\share\vm\interpreter\linkResolver.cpp, li

Events (10 events):
Event: 10.016 loading class java/util/TreeMap$KeySet
Event: 10.016 loading class java/util/TreeMap$KeySet done
Event: 10.017 loading class java/util/TreeMap$KeyIterator
Event: 10.017 loading class java/util/TreeMap$KeyIterator done
Event: 10.017 loading class org/openqa/selenium/remote/http/HttpResponse
Event: 10.017 loading class org/openqa/selenium/remote/http/HttpResponse done
Event: 10.017 loading class org/openqa/selenium/remote/http/HttpResponse
Event: 10.017 loading class org/openqa/selenium/remote/http/HttpResponse done
Event: 10.018 loading class com/google/common/net/MediaType$Tokenizer
Event: 10.018 loading class com/google/common/net/MediaType$Tokenizer done


Dynamic libraries:
0x00007ff77ead0000 - 0x00007ff77eb07000 	C:\Program Files\Java\jdk1.8.0_191\bin\javaw.exe
0x00007ff9cd000000 - 0x00007ff9cd1f0000 	C:\WINDOWS\SYSTEM32\ntdll.dll
0x00007ff9cbb90000 - 0x00007ff9cbc42000 	C:\WINDOWS\System32\KERNEL32.DLL
0x00007ff9cab40000 - 0x00007ff9cade3000 	C:\WINDOWS\System32\KERNELBASE.dll
0x00007ff9cce00000 - 0x00007ff9ccea3000 	C:\WINDOWS\System32\ADVAPI32.dll
0x00007ff9cc450000 - 0x00007ff9cc4ee000 	C:\WINDOWS\System32\msvcrt.dll
0x00007ff9cca10000 - 0x00007ff9ccaa7000 	C:\WINDOWS\System32\sechost.dll
0x00007ff9cb0b0000 - 0x00007ff9cb1d0000 	C:\WINDOWS\System32\RPCRT4.dll
0x00007ff9ccc60000 - 0x00007ff9ccdf3000 	C:\WINDOWS\System32\USER32.dll
0x00007ff9ca940000 - 0x00007ff9ca961000 	C:\WINDOWS\System32\win32u.dll
0x00007ff9cc200000 - 0x00007ff9cc226000 	C:\WINDOWS\System32\GDI32.dll
0x00007ff9ca7a0000 - 0x00007ff9ca934000 	C:\WINDOWS\System32\gdi32full.dll
0x00007ff9cb010000 - 0x00007ff9cb0ae000 	C:\WINDOWS\System32\msvcp_win.dll
0x00007ff9caa40000 - 0x00007ff9cab3a000 	C:\WINDOWS\System32\ucrtbase.dll
0x00007ff9b7920000 - 0x00007ff9b7ba5000 	C:\WINDOWS\WinSxS\amd64_microsoft.windows.common-controls_6595b64144ccf1df_6.0.18362.356_none_e6c4af7d130f27cc\COMCTL32.dll
0x00007ff9cc6d0000 - 0x00007ff9cca06000 	C:\WINDOWS\System32\combase.dll
0x00007ff9ca970000 - 0x00007ff9ca9f0000 	C:\WINDOWS\System32\bcryptPrimitives.dll
0x00007ff9cb2a0000 - 0x00007ff9cb2ce000 	C:\WINDOWS\System32\IMM32.DLL
0x0000000053330000 - 0x0000000053402000 	C:\Program Files\Java\jdk1.8.0_191\jre\bin\msvcr100.dll
0x0000000052a80000 - 0x0000000053324000 	C:\Program Files\Java\jdk1.8.0_191\jre\bin\server\jvm.dll
0x00007ff9cc390000 - 0x00007ff9cc398000 	C:\WINDOWS\System32\PSAPI.DLL
0x00007ff9c5ef0000 - 0x00007ff9c5ef9000 	C:\WINDOWS\SYSTEM32\WSOCK32.dll
0x00007ff9c37b0000 - 0x00007ff9c37ba000 	C:\WINDOWS\SYSTEM32\VERSION.dll
0x00007ff9cb1d0000 - 0x00007ff9cb23f000 	C:\WINDOWS\System32\WS2_32.dll
0x00007ff9c6bd0000 - 0x00007ff9c6bf4000 	C:\WINDOWS\SYSTEM32\WINMM.dll
0x00007ff9c6ba0000 - 0x00007ff9c6bcd000 	C:\WINDOWS\SYSTEM32\WINMMBASE.dll
0x00007ff9ca9f0000 - 0x00007ff9caa3a000 	C:\WINDOWS\System32\cfgmgr32.dll
0x0000000052a70000 - 0x0000000052a7f000 	C:\Program Files\Java\jdk1.8.0_191\jre\bin\verify.dll
0x0000000052a40000 - 0x0000000052a69000 	C:\Program Files\Java\jdk1.8.0_191\jre\bin\java.dll
0x0000000052a20000 - 0x0000000052a36000 	C:\Program Files\Java\jdk1.8.0_191\jre\bin\zip.dll
0x00007ff9cb3a0000 - 0x00007ff9cba85000 	C:\WINDOWS\System32\SHELL32.dll
0x00007ff9cc3a0000 - 0x00007ff9cc449000 	C:\WINDOWS\System32\shcore.dll
0x00007ff9c9ff0000 - 0x00007ff9ca76e000 	C:\WINDOWS\System32\windows.storage.dll
0x00007ff9c9f70000 - 0x00007ff9c9f8f000 	C:\WINDOWS\System32\profapi.dll
0x00007ff9c9f20000 - 0x00007ff9c9f6a000 	C:\WINDOWS\System32\powrprof.dll
0x00007ff9c9ed0000 - 0x00007ff9c9ee0000 	C:\WINDOWS\System32\UMPDC.dll
0x00007ff9cc510000 - 0x00007ff9cc562000 	C:\WINDOWS\System32\shlwapi.dll
0x00007ff9c9ee0000 - 0x00007ff9c9ef1000 	C:\WINDOWS\System32\kernel.appcore.dll
0x00007ff9caea0000 - 0x00007ff9caeb7000 	C:\WINDOWS\System32\cryptsp.dll
0x0000000052a00000 - 0x0000000052a1a000 	C:\Program Files\Java\jdk1.8.0_191\jre\bin\net.dll
0x00007ff9c96e0000 - 0x00007ff9c9747000 	C:\WINDOWS\system32\mswsock.dll
0x00007ff9c9430000 - 0x00007ff9c94fa000 	C:\WINDOWS\SYSTEM32\DNSAPI.dll
0x00007ff9cc500000 - 0x00007ff9cc508000 	C:\WINDOWS\System32\NSI.dll
0x00007ff9c93f0000 - 0x00007ff9c942a000 	C:\WINDOWS\SYSTEM32\IPHLPAPI.DLL
0x00007ff9c0a30000 - 0x00007ff9c0a3a000 	C:\Windows\System32\rasadhlp.dll
0x00007ff9c0fd0000 - 0x00007ff9c1047000 	C:\WINDOWS\System32\fwpuclnt.dll
0x00007ff9ca770000 - 0x00007ff9ca796000 	C:\WINDOWS\System32\bcrypt.dll
0x00000000529d0000 - 0x00000000529f4000 	C:\Program Files\Java\jdk1.8.0_191\jre\bin\sunec.dll
0x00000000529c0000 - 0x00000000529cb000 	C:\Program Files\Java\jdk1.8.0_191\jre\bin\sunmscapi.dll
0x00007ff9caec0000 - 0x00007ff9cb009000 	C:\WINDOWS\System32\CRYPT32.dll
0x00007ff9c9f00000 - 0x00007ff9c9f12000 	C:\WINDOWS\System32\MSASN1.dll
0x00007ff9c10c0000 - 0x00007ff9c10d6000 	C:\WINDOWS\SYSTEM32\dhcpcsvc6.DLL
0x00007ff9c1190000 - 0x00007ff9c11ac000 	C:\WINDOWS\SYSTEM32\dhcpcsvc.DLL
0x00000000529a0000 - 0x00000000529b1000 	C:\Program Files\Java\jdk1.8.0_191\jre\bin\nio.dll
0x00007ff9c9250000 - 0x00007ff9c9283000 	C:\WINDOWS\system32\rsaenh.dll
0x00007ff9c9dc0000 - 0x00007ff9c9de5000 	C:\WINDOWS\SYSTEM32\USERENV.dll
0x00007ff9c98b0000 - 0x00007ff9c98bc000 	C:\WINDOWS\SYSTEM32\CRYPTBASE.dll
0x00007ff9b6360000 - 0x00007ff9b6554000 	C:\WINDOWS\SYSTEM32\dbghelp.dll

VM Arguments:
jvm_args: -Dfile.encoding=Cp1252 
java_command: pack1.Keyadviui
java_class_path (initial): C:\Users\kiran\eclipse-workspace\com.830ammay\bin;C:\Users\kiran\Downloads\selenium-java-3.141.59\client-combined-3.141.59.jar;C:\Users\kiran\Downloads\selenium-java-3.141.59\client-combined-3.141.59-sources.jar;C:\Users\kiran\Downloads\selenium-java-3.141.59\libs\byte-buddy-1.8.15.jar;C:\Users\kiran\Downloads\selenium-java-3.141.59\libs\commons-exec-1.3.jar;C:\Users\kiran\Downloads\selenium-java-3.141.59\libs\guava-25.0-jre.jar;C:\Users\kiran\Downloads\selenium-java-3.141.59\libs\okhttp-3.11.0.jar;C:\Users\kiran\Downloads\selenium-java-3.141.59\libs\okio-1.14.0.jar
Launcher Type: SUN_STANDARD

Environment Variables:
JAVA_HOME=C:\Program Files\Java\jdk1.8.0_191
PATH=C:/Program Files/Java/jre1.8.0_191/bin/server;C:/Program Files/Java/jre1.8.0_191/bin;C:/Program Files/Java/jre1.8.0_191/lib/amd64;;C:\Python27\;C:\Python27\Scripts;C:\ProgramData\Oracle\Java\javapath;C:\Program Files (x86)\Common Files\Oracle\Java\javapath;C:\WINDOWS\system32;C:\WINDOWS;C:\WINDOWS\System32\Wbem;C:\WINDOWS\System32\WindowsPowerShell\v1.0\;C:\Program Files\Java\jdk1.8.0_191\bin;C:\WINDOWS\System32\OpenSSH\;C:\apache-maven-3.6.0\bin;C:\Program Files\Git\cmd;C:\Users\kiran\AppData\Local\Microsoft\WindowsApps;;C:\Users\kiran\Downloads\eclipse-jee-2018-12-R-win32-x86_64\eclipse;
USERNAME=kiran
OS=Windows_NT
PROCESSOR_IDENTIFIER=Intel64 Family 6 Model 42 Stepping 7, GenuineIntel



---------------  S Y S T E M  ---------------

OS: Windows 10.0 , 64 bit Build 18362 (10.0.18362.329)

CPU:total 4 (initial active 4) (2 cores per cpu, 2 threads per core) family 6 model 42 stepping 7, cmov, cx8, fxsr, mmx, sse, sse2, sse3, ssse3, sse4.1, sse4.2, popcnt, avx, aes, clmul, ht, tsc, tscinvbit

Memory: 4k page, physical 8337768k(3228500k free), swap 12401000k(4116216k free)

vm_info: Java HotSpot(TM) 64-Bit Server VM (25.191-b12) for windows-amd64 JRE (1.8.0_191-b12), built on Oct  6 2018 09:29:03 by "java_re" with MS VC++ 10.0 (VS2010)

time: Mon Jun 07 09:14:00 2021
elapsed time: 10 seconds (0d 0h 0m 10s)

